2025-12-23 13:08:41,777 [      ] [INFO ] com.novo.main.Main.20200422                       : Program Name [novo_reporte_usuarios_pld]   Version [20200422]
2025-12-23 13:08:41,782 [      ] [INFO ] com.novo.main.Main.20200422                       : -----------------------Properties--------------------------
2025-12-23 13:16:47,382 [      ] [INFO ] com.novo.main.Main.20200422                       : Program Name [novo_reporte_usuarios_pld]   Version [20200422]
2025-12-23 13:16:47,388 [      ] [INFO ] com.novo.main.Main.20200422                       : -----------------------Properties--------------------------
2025-12-23 13:16:47,405 [      ] [INFO ] com.novo.main.Main.20200422                       : -----------Path de creacion: arcrespuesta\TDD_Empresarial_23_12_2025.txt
2025-12-23 13:16:47,405 [      ] [INFO ] com.novo.main.Main.20200422                       : --------------------Open BD Conection----------------------
2025-12-23 13:16:47,415 [      ] [ERROR] com.novo.database.dbinterface                     : load config [oracle.properties] ERROR [..\parametros\oracle.properties (El sistema no puede encontrar el archivo especificado)] !
2025-12-23 13:16:47,415 [      ] [INFO ] com.novo.main.Main.20200422                       : Configuración de BD ORACLE no disponible. Proceso cancelado
2025-12-23 13:18:50,355 [      ] [INFO ] com.novo.main.Main.20200422                       : Program Name [novo_reporte_usuarios_pld]   Version [20200422]
2025-12-23 13:18:50,357 [      ] [INFO ] com.novo.main.Main.20200422                       : -----------------------Properties--------------------------
2025-12-23 13:18:50,362 [      ] [INFO ] com.novo.main.Main.20200422                       : -----------Path de creacion: arcrespuesta\TDD_Empresarial_23_12_2025.txt
2025-12-23 13:18:50,363 [      ] [INFO ] com.novo.main.Main.20200422                       : --------------------Open BD Conection----------------------
2025-12-23 13:18:50,373 [      ] [ERROR] com.novo.database.dbinterface                     : load config [oracle.properties] ERROR [..\parametros\oracle.properties (El sistema no puede encontrar el archivo especificado)] !
2025-12-23 13:18:50,373 [      ] [INFO ] com.novo.main.Main.20200422                       : Configuración de BD ORACLE no disponible. Proceso cancelado
2025-12-23 13:21:23,130 [      ] [INFO ] com.novo.main.Main.20200422                       : Program Name [novo_reporte_usuarios_pld]   Version [20200422]
2025-12-23 13:21:23,140 [      ] [INFO ] com.novo.main.Main.20200422                       : -----------------------Properties--------------------------
2025-12-23 13:21:23,148 [      ] [INFO ] com.novo.main.Main.20200422                       : -----------Path de creacion: arcrespuesta\TDD_Empresarial_23_12_2025.txt
2025-12-23 13:21:23,149 [      ] [INFO ] com.novo.main.Main.20200422                       : --------------------Open BD Conection----------------------
2025-12-23 13:23:05,498 [      ] [INFO ] com.novo.main.Main.20200422                       : Program Name [novo_reporte_usuarios_pld]   Version [20200422]
2025-12-23 13:23:05,512 [      ] [INFO ] com.novo.main.Main.20200422                       : -----------------------Properties--------------------------
2025-12-23 13:23:05,517 [      ] [INFO ] com.novo.main.Main.20200422                       : -----------Path de creacion: arcrespuesta\TDD_Empresarial_23_12_2025.txt
2025-12-23 13:23:05,517 [      ] [INFO ] com.novo.main.Main.20200422                       : --------------------Open BD Conection----------------------
2025-12-23 13:26:49,490 [      ] [INFO ] com.novo.main.Main.20200422                       : Program Name [novo_reporte_usuarios_pld]   Version [20200422]
2025-12-23 13:26:49,497 [      ] [INFO ] com.novo.main.Main.20200422                       : -----------------------Properties--------------------------
2025-12-23 13:26:49,503 [      ] [INFO ] com.novo.main.Main.20200422                       : -----------Path de creacion: arcrespuesta\TDD_Empresarial_23_12_2025.txt
2025-12-23 13:26:49,503 [      ] [INFO ] com.novo.main.Main.20200422                       : --------------------Open BD Conection----------------------
2025-12-23 13:26:49,527 [      ] [ERROR] com.novo.database.dbinterface                     : load config [oracle.properties] ERROR [..\parametros\oracle.properties (El sistema no puede encontrar el archivo especificado)] !
2025-12-23 13:26:49,528 [      ] [INFO ] com.novo.main.Main.20200422                       : Configuración de BD ORACLE no disponible. Proceso cancelado
2025-12-23 13:28:38,443 [      ] [INFO ] com.novo.main.Main.20200422                       : Program Name [novo_reporte_usuarios_pld]   Version [20200422]
2025-12-23 13:28:38,449 [      ] [INFO ] com.novo.main.Main.20200422                       : -----------------------Properties--------------------------
2025-12-23 13:28:38,453 [      ] [INFO ] com.novo.main.Main.20200422                       : -----------Path de creacion: arcrespuesta\TDD_Empresarial_23_12_2025.txt
2025-12-23 13:28:38,454 [      ] [INFO ] com.novo.main.Main.20200422                       : --------------------Open BD Conection----------------------
2025-12-23 13:29:04,964 [      ] [DEBUG] com.novo.database.dbinterface                     : load config [oracle.properties] sucess !
2025-12-23 13:29:04,972 [      ] [ERROR] com.novo.database.dbinterface                     : ERROR[oracle.jdbc.driver.OracleDriver] !
java.lang.ClassNotFoundException: oracle.jdbc.driver.OracleDriver
	at java.base/jdk.internal.loader.BuiltinClassLoader.loadClass(BuiltinClassLoader.java:580)
	at java.base/java.lang.ClassLoader.loadClass(ClassLoader.java:490)
	at java.base/java.lang.Class.forName0(Native Method)
	at java.base/java.lang.Class.forName(Class.java:467)
	at java.base/java.lang.Class.forName(Class.java:458)
	at com.novo.database.dbinterface.dbinic(dbinterface.java:135)
	at com.novo.main.Main.main(Main.java:44)
2025-12-23 13:29:04,980 [      ] [ERROR] com.novo.main.Main.20200422                       : Error en conexion al ambiente de datos Oracle
